<?xml version="1.0" encoding="UTF-8"?>
<coverage generated="1592623613546" clover="3.2.0">
  <project timestamp="1592623613546" name="All files">
    <metrics statements="22" coveredstatements="16" conditionals="16" coveredconditionals="6" methods="2" coveredmethods="2" elements="40" coveredelements="24" complexity="0" loc="22" ncloc="22" packages="1" files="1" classes="1"/>
    <file name="cipher.js" path="C:\Users\Victo\OneDrive\Documentos\SCL014-cipher\src\cipher.js">
      <metrics statements="22" coveredstatements="16" conditionals="16" coveredconditionals="6" methods="2" coveredmethods="2"/>
      <line num="1" count="1" type="stmt"/>
      <line num="4" count="1" type="stmt"/>
      <line num="5" count="1" type="stmt"/>
      <line num="8" count="1" type="stmt"/>
      <line num="9" count="26" type="stmt"/>
      <line num="11" count="26" type="cond" truecount="3" falsecount="1"/>
      <line num="12" count="26" type="stmt"/>
      <line num="15" count="0" type="cond" truecount="0" falsecount="4"/>
      <line num="16" count="0" type="stmt"/>
      <line num="19" count="0" type="stmt"/>
      <line num="23" count="1" type="stmt"/>
      <line num="28" count="1" type="stmt"/>
      <line num="29" count="1" type="stmt"/>
      <line num="31" count="1" type="stmt"/>
      <line num="33" count="1" type="stmt"/>
      <line num="34" count="26" type="stmt"/>
      <line num="36" count="26" type="cond" truecount="3" falsecount="1"/>
      <line num="37" count="26" type="stmt"/>
      <line num="39" count="0" type="cond" truecount="0" falsecount="4"/>
      <line num="40" count="0" type="stmt"/>
      <line num="43" count="0" type="stmt"/>
      <line num="47" count="1" type="stmt"/>
    </file>
  </project>
</coverage>
