TN:
SF:C:\Users\Victo\OneDrive\Documentos\SCL014-cipher\src\cipher.js
FN:3,(anonymous_0)
FN:27,(anonymous_1)
FNF:2
FNH:2
FNDA:1,(anonymous_0)
FNDA:1,(anonymous_1)
DA:1,1
DA:4,1
DA:5,1
DA:8,1
DA:9,26
DA:11,26
DA:12,26
DA:15,0
DA:16,0
DA:19,0
DA:23,1
DA:28,1
DA:29,1
DA:31,1
DA:33,1
DA:34,26
DA:36,26
DA:37,26
DA:39,0
DA:40,0
DA:43,0
DA:47,1
LF:22
LH:16
BRDA:11,0,0,26
BRDA:11,0,1,0
BRDA:11,1,0,26
BRDA:11,1,1,26
BRDA:15,2,0,0
BRDA:15,2,1,0
BRDA:15,3,0,0
BRDA:15,3,1,0
BRDA:36,4,0,26
BRDA:36,4,1,0
BRDA:36,5,0,26
BRDA:36,5,1,26
BRDA:39,6,0,0
BRDA:39,6,1,0
BRDA:39,7,0,0
BRDA:39,7,1,0
BRF:16
BRH:6
end_of_record
